{"C:\\Users\\plope\\OneDrive\\tfm\\planify-app\\backend\\src\\config\\db.ts": {"path":"C:\\Users\\plope\\OneDrive\\tfm\\planify-app\\backend\\src\\config\\db.ts","statementMap":{"0":{"start":{"line":1,"column":0},"end":{"line":1,"column":26}},"1":{"start":{"line":2,"column":0},"end":{"line":2,"column":28}},"2":{"start":{"line":4,"column":0},"end":{"line":4,"column":16}},"3":{"start":{"line":6,"column":13},"end":{"line":12,"column":3}},"4":{"start":{"line":13,"column":0},"end":{"line":17,"column":3}},"5":{"start":{"line":14,"column":2},"end":{"line":14,"column":87}},"6":{"start":{"line":14,"column":13},"end":{"line":14,"column":77}},"7":{"start":{"line":14,"column":78},"end":{"line":14,"column":85}},"8":{"start":{"line":15,"column":2},"end":{"line":15,"column":66}},"9":{"start":{"line":16,"column":2},"end":{"line":16,"column":12}}},"fnMap":{"0":{"name":"(anonymous_1)","decl":{"start":{"line":13,"column":13},"end":{"line":13,"column":14}},"loc":{"start":{"line":13,"column":39},"end":{"line":17,"column":1}}}},"branchMap":{"0":{"loc":{"start":{"line":14,"column":2},"end":{"line":14,"column":87}},"type":"if","locations":[{"start":{"line":14,"column":2},"end":{"line":14,"column":87}},{"start":{},"end":{}}]}},"s":{"0":1,"1":1,"2":1,"3":1,"4":1,"5":0,"6":0,"7":0,"8":0,"9":0},"f":{"0":0},"b":{"0":[0,0]}}
,"C:\\Users\\plope\\OneDrive\\tfm\\planify-app\\backend\\src\\controllers\\auth.controller.ts": {"path":"C:\\Users\\plope\\OneDrive\\tfm\\planify-app\\backend\\src\\controllers\\auth.controller.ts","statementMap":{"0":{"start":{"line":12,"column":0},"end":{"line":12,"column":7}},"1":{"start":{"line":66,"column":0},"end":{"line":66,"column":7}},"2":{"start":{"line":111,"column":0},"end":{"line":111,"column":7}},"3":{"start":{"line":2,"column":0},"end":{"line":2,"column":36}},"4":{"start":{"line":3,"column":0},"end":{"line":3,"column":30}},"5":{"start":{"line":4,"column":0},"end":{"line":4,"column":31}},"6":{"start":{"line":5,"column":0},"end":{"line":5,"column":53}},"7":{"start":{"line":13,"column":17},"end":{"line":13,"column":38}},"8":{"start":{"line":14,"column":2},"end":{"line":16,"column":3}},"9":{"start":{"line":15,"column":4},"end":{"line":15,"column":60}},"10":{"start":{"line":17,"column":30},"end":{"line":17,"column":38}},"11":{"start":{"line":19,"column":2},"end":{"line":60,"column":3}},"12":{"start":{"line":20,"column":19},"end":{"line":22,"column":null}},"13":{"start":{"line":25,"column":4},"end":{"line":27,"column":5}},"14":{"start":{"line":26,"column":6},"end":{"line":26,"column":72}},"15":{"start":{"line":29,"column":17},"end":{"line":29,"column":31}},"16":{"start":{"line":31,"column":18},"end":{"line":31,"column":63}},"17":{"start":{"line":32,"column":4},"end":{"line":34,"column":5}},"18":{"start":{"line":33,"column":6},"end":{"line":33,"column":72}},"19":{"start":{"line":36,"column":20},"end":{"line":40,"column":6}},"20":{"start":{"line":42,"column":18},"end":{"line":44,"column":6}},"21":{"start":{"line":46,"column":4},"end":{"line":55,"column":7}},"22":{"start":{"line":58,"column":4},"end":{"line":58,"column":23}},"23":{"start":{"line":59,"column":4},"end":{"line":59,"column":69}},"24":{"start":{"line":68,"column":17},"end":{"line":68,"column":38}},"25":{"start":{"line":69,"column":2},"end":{"line":71,"column":3}},"26":{"start":{"line":70,"column":4},"end":{"line":70,"column":60}},"27":{"start":{"line":72,"column":42},"end":{"line":72,"column":50}},"28":{"start":{"line":73,"column":2},"end":{"line":75,"column":3}},"29":{"start":{"line":74,"column":4},"end":{"line":74,"column":73}},"30":{"start":{"line":76,"column":2},"end":{"line":105,"column":3}},"31":{"start":{"line":77,"column":21},"end":{"line":79,"column":null}},"32":{"start":{"line":82,"column":4},"end":{"line":84,"column":5}},"33":{"start":{"line":83,"column":6},"end":{"line":83,"column":78}},"34":{"start":{"line":86,"column":25},"end":{"line":86,"column":56}},"35":{"start":{"line":87,"column":19},"end":{"line":87,"column":77}},"36":{"start":{"line":88,"column":6},"end":{"line":90,"column":7}},"37":{"start":{"line":89,"column":8},"end":{"line":89,"column":82}},"38":{"start":{"line":91,"column":28},"end":{"line":91,"column":86}},"39":{"start":{"line":93,"column":19},"end":{"line":97,"column":null}},"40":{"start":{"line":100,"column":4},"end":{"line":100,"column":48}},"41":{"start":{"line":103,"column":4},"end":{"line":103,"column":25}},"42":{"start":{"line":104,"column":4},"end":{"line":104,"column":69}},"43":{"start":{"line":112,"column":2},"end":{"line":120,"column":3}},"44":{"start":{"line":113,"column":19},"end":{"line":114,"column":null}},"45":{"start":{"line":116,"column":4},"end":{"line":116,"column":33}},"46":{"start":{"line":118,"column":4},"end":{"line":118,"column":25}},"47":{"start":{"line":119,"column":4},"end":{"line":119,"column":69}}},"fnMap":{"0":{"name":"login","decl":{"start":{"line":12,"column":22},"end":{"line":12,"column":27}},"loc":{"start":{"line":12,"column":55},"end":{"line":61,"column":1}}},"1":{"name":"register","decl":{"start":{"line":66,"column":22},"end":{"line":66,"column":30}},"loc":{"start":{"line":66,"column":64},"end":{"line":106,"column":1}}},"2":{"name":"getEmployees","decl":{"start":{"line":111,"column":22},"end":{"line":111,"column":34}},"loc":{"start":{"line":111,"column":62},"end":{"line":121,"column":1}}}},"branchMap":{"0":{"loc":{"start":{"line":14,"column":2},"end":{"line":16,"column":3}},"type":"if","locations":[{"start":{"line":14,"column":2},"end":{"line":16,"column":3}},{"start":{},"end":{}}]},"1":{"loc":{"start":{"line":25,"column":4},"end":{"line":27,"column":5}},"type":"if","locations":[{"start":{"line":25,"column":4},"end":{"line":27,"column":5}},{"start":{},"end":{}}]},"2":{"loc":{"start":{"line":32,"column":4},"end":{"line":34,"column":5}},"type":"if","locations":[{"start":{"line":32,"column":4},"end":{"line":34,"column":5}},{"start":{},"end":{}}]},"3":{"loc":{"start":{"line":53,"column":19},"end":{"line":53,"column":95}},"type":"binary-expr","locations":[{"start":{"line":53,"column":19},"end":{"line":53,"column":33}},{"start":{"line":53,"column":37},"end":{"line":53,"column":95}}]},"4":{"loc":{"start":{"line":69,"column":2},"end":{"line":71,"column":3}},"type":"if","locations":[{"start":{"line":69,"column":2},"end":{"line":71,"column":3}},{"start":{},"end":{}}]},"5":{"loc":{"start":{"line":73,"column":2},"end":{"line":75,"column":3}},"type":"if","locations":[{"start":{"line":73,"column":2},"end":{"line":75,"column":3}},{"start":{},"end":{}}]},"6":{"loc":{"start":{"line":73,"column":6},"end":{"line":73,"column":43}},"type":"binary-expr","locations":[{"start":{"line":73,"column":6},"end":{"line":73,"column":11}},{"start":{"line":73,"column":15},"end":{"line":73,"column":21}},{"start":{"line":73,"column":25},"end":{"line":73,"column":34}},{"start":{"line":73,"column":38},"end":{"line":73,"column":43}}]},"7":{"loc":{"start":{"line":82,"column":4},"end":{"line":84,"column":5}},"type":"if","locations":[{"start":{"line":82,"column":4},"end":{"line":84,"column":5}},{"start":{},"end":{}}]},"8":{"loc":{"start":{"line":88,"column":6},"end":{"line":90,"column":7}},"type":"if","locations":[{"start":{"line":88,"column":6},"end":{"line":90,"column":7}},{"start":{},"end":{}}]}},"s":{"0":1,"1":1,"2":1,"3":1,"4":1,"5":1,"6":1,"7":6,"8":6,"9":1,"10":5,"11":5,"12":5,"13":4,"14":1,"15":3,"16":3,"17":3,"18":1,"19":2,"20":2,"21":2,"22":1,"23":1,"24":6,"25":6,"26":1,"27":5,"28":5,"29":1,"30":4,"31":4,"32":4,"33":1,"34":3,"35":3,"36":3,"37":1,"38":3,"39":3,"40":2,"41":1,"42":1,"43":3,"44":3,"45":2,"46":1,"47":1},"f":{"0":6,"1":6,"2":3},"b":{"0":[1,5],"1":[1,3],"2":[1,2],"3":[2,1],"4":[1,5],"5":[1,4],"6":[5,5,4,4],"7":[1,3],"8":[1,2]}}
,"C:\\Users\\plope\\OneDrive\\tfm\\planify-app\\backend\\src\\middleware\\auth.middleware.ts": {"path":"C:\\Users\\plope\\OneDrive\\tfm\\planify-app\\backend\\src\\middleware\\auth.middleware.ts","statementMap":{"0":{"start":{"line":9,"column":0},"end":{"line":9,"column":7}},"1":{"start":{"line":2,"column":0},"end":{"line":2,"column":31}},"2":{"start":{"line":3,"column":0},"end":{"line":3,"column":36}},"3":{"start":{"line":10,"column":17},"end":{"line":10,"column":45}},"4":{"start":{"line":11,"column":2},"end":{"line":11,"column":75}},"5":{"start":{"line":11,"column":15},"end":{"line":11,"column":75}},"6":{"start":{"line":13,"column":16},"end":{"line":13,"column":36}},"7":{"start":{"line":15,"column":2},"end":{"line":36,"column":3}},"8":{"start":{"line":16,"column":25},"end":{"line":16,"column":67}},"9":{"start":{"line":18,"column":19},"end":{"line":20,"column":null}},"10":{"start":{"line":23,"column":4},"end":{"line":25,"column":5}},"11":{"start":{"line":24,"column":6},"end":{"line":24,"column":72}},"12":{"start":{"line":27,"column":4},"end":{"line":29,"column":5}},"13":{"start":{"line":28,"column":6},"end":{"line":28,"column":65}},"14":{"start":{"line":31,"column":4},"end":{"line":31,"column":23}},"15":{"start":{"line":32,"column":4},"end":{"line":32,"column":11}},"16":{"start":{"line":35,"column":4},"end":{"line":35,"column":63}}},"fnMap":{"0":{"name":"authMiddleware","decl":{"start":{"line":9,"column":22},"end":{"line":9,"column":36}},"loc":{"start":{"line":9,"column":88},"end":{"line":37,"column":1}}}},"branchMap":{"0":{"loc":{"start":{"line":11,"column":2},"end":{"line":11,"column":75}},"type":"if","locations":[{"start":{"line":11,"column":2},"end":{"line":11,"column":75}},{"start":{},"end":{}}]},"1":{"loc":{"start":{"line":23,"column":4},"end":{"line":25,"column":5}},"type":"if","locations":[{"start":{"line":23,"column":4},"end":{"line":25,"column":5}},{"start":{},"end":{}}]},"2":{"loc":{"start":{"line":27,"column":4},"end":{"line":29,"column":5}},"type":"if","locations":[{"start":{"line":27,"column":4},"end":{"line":29,"column":5}},{"start":{},"end":{}}]}},"s":{"0":1,"1":1,"2":1,"3":5,"4":5,"5":1,"6":4,"7":4,"8":4,"9":3,"10":3,"11":1,"12":2,"13":1,"14":1,"15":1,"16":1},"f":{"0":5},"b":{"0":[1,4],"1":[1,2],"2":[1,1]}}
,"C:\\Users\\plope\\OneDrive\\tfm\\planify-app\\backend\\src\\middleware\\requireAdmin.ts": {"path":"C:\\Users\\plope\\OneDrive\\tfm\\planify-app\\backend\\src\\middleware\\requireAdmin.ts","statementMap":{"0":{"start":{"line":1,"column":0},"end":{"line":1,"column":16}},"1":{"start":{"line":2,"column":2},"end":{"line":4,"column":3}},"2":{"start":{"line":3,"column":4},"end":{"line":3,"column":62}},"3":{"start":{"line":6,"column":2},"end":{"line":8,"column":3}},"4":{"start":{"line":7,"column":4},"end":{"line":7,"column":64}},"5":{"start":{"line":10,"column":2},"end":{"line":10,"column":9}}},"fnMap":{"0":{"name":"requireAdmin","decl":{"start":{"line":1,"column":16},"end":{"line":1,"column":28}},"loc":{"start":{"line":1,"column":58},"end":{"line":11,"column":1}}}},"branchMap":{"0":{"loc":{"start":{"line":2,"column":2},"end":{"line":4,"column":3}},"type":"if","locations":[{"start":{"line":2,"column":2},"end":{"line":4,"column":3}},{"start":{},"end":{}}]},"1":{"loc":{"start":{"line":6,"column":2},"end":{"line":8,"column":3}},"type":"if","locations":[{"start":{"line":6,"column":2},"end":{"line":8,"column":3}},{"start":{},"end":{}}]}},"s":{"0":1,"1":3,"2":1,"3":2,"4":1,"5":1},"f":{"0":3},"b":{"0":[1,2],"1":[1,1]}}
}
