TN:
SF:src\config\db.ts
FN:13,(anonymous_1)
FNF:1
FNH:0
FNDA:0,(anonymous_1)
DA:1,1
DA:2,1
DA:4,1
DA:6,1
DA:13,1
DA:14,0
DA:15,0
DA:16,0
LF:8
LH:5
BRDA:14,0,0,0
BRDA:14,0,1,0
BRF:2
BRH:0
end_of_record
TN:
SF:src\controllers\auth.controller.ts
FN:12,login
FN:66,register
FN:111,getEmployees
FNF:3
FNH:3
FNDA:6,login
FNDA:6,register
FNDA:3,getEmployees
DA:2,1
DA:3,1
DA:4,1
DA:5,1
DA:12,1
DA:13,6
DA:14,6
DA:15,1
DA:17,5
DA:19,5
DA:20,5
DA:25,4
DA:26,1
DA:29,3
DA:31,3
DA:32,3
DA:33,1
DA:36,2
DA:42,2
DA:46,2
DA:58,1
DA:59,1
DA:66,1
DA:68,6
DA:69,6
DA:70,1
DA:72,5
DA:73,5
DA:74,1
DA:76,4
DA:77,4
DA:82,4
DA:83,1
DA:86,3
DA:87,3
DA:88,3
DA:89,1
DA:91,3
DA:93,3
DA:100,2
DA:103,1
DA:104,1
DA:111,1
DA:112,3
DA:113,3
DA:116,2
DA:118,1
DA:119,1
LF:48
LH:48
BRDA:14,0,0,1
BRDA:14,0,1,5
BRDA:25,1,0,1
BRDA:25,1,1,3
BRDA:32,2,0,1
BRDA:32,2,1,2
BRDA:53,3,0,2
BRDA:53,3,1,1
BRDA:69,4,0,1
BRDA:69,4,1,5
BRDA:73,5,0,1
BRDA:73,5,1,4
BRDA:73,6,0,5
BRDA:73,6,1,5
BRDA:73,6,2,4
BRDA:73,6,3,4
BRDA:82,7,0,1
BRDA:82,7,1,3
BRDA:88,8,0,1
BRDA:88,8,1,2
BRF:20
BRH:20
end_of_record
TN:
SF:src\middleware\auth.middleware.ts
FN:9,authMiddleware
FNF:1
FNH:1
FNDA:5,authMiddleware
DA:2,1
DA:3,1
DA:9,1
DA:10,5
DA:11,5
DA:13,4
DA:15,4
DA:16,4
DA:18,3
DA:23,3
DA:24,1
DA:27,2
DA:28,1
DA:31,1
DA:32,1
DA:35,1
LF:16
LH:16
BRDA:11,0,0,1
BRDA:11,0,1,4
BRDA:23,1,0,1
BRDA:23,1,1,2
BRDA:27,2,0,1
BRDA:27,2,1,1
BRF:6
BRH:6
end_of_record
TN:
SF:src\middleware\requireAdmin.ts
FN:1,requireAdmin
FNF:1
FNH:1
FNDA:3,requireAdmin
DA:1,1
DA:2,3
DA:3,1
DA:6,2
DA:7,1
DA:10,1
LF:6
LH:6
BRDA:2,0,0,1
BRDA:2,0,1,2
BRDA:6,1,0,1
BRDA:6,1,1,1
BRF:4
BRH:4
end_of_record
